2020-09-22 10:03:41  [ main:0 ] - [ INFO ]  Initializing ExecutorService
2020-09-22 10:51:58  [ main:0 ] - [ INFO ]  Loaded default TestExecutionListener class names from location [META-INF/spring.factories]: [org.springframework.test.context.web.ServletTestExecutionListener, org.springframework.test.context.support.DirtiesContextBeforeModesTestExecutionListener, org.springframework.test.context.support.DependencyInjectionTestExecutionListener, org.springframework.test.context.support.DirtiesContextTestExecutionListener, org.springframework.test.context.transaction.TransactionalTestExecutionListener, org.springframework.test.context.jdbc.SqlScriptsTestExecutionListener]
2020-09-22 10:51:59  [ main:66 ] - [ INFO ]  Using TestExecutionListeners: [org.springframework.test.context.web.ServletTestExecutionListener@64bf3bbf, org.springframework.test.context.support.DirtiesContextBeforeModesTestExecutionListener@55d56113, org.springframework.test.context.support.DependencyInjectionTestExecutionListener@148080bb, org.springframework.test.context.support.DirtiesContextTestExecutionListener@dc24521, org.springframework.test.context.transaction.TransactionalTestExecutionListener@10bdf5e5, org.springframework.test.context.jdbc.SqlScriptsTestExecutionListener@6e1ec318]
2020-09-22 10:51:59  [ main:268 ] - [ INFO ]  Loading XML bean definitions from file [E:\gitproject\intimate\intimate-register-service\target\classes\spring\spring-service.xml]
2020-09-22 10:52:00  [ main:1123 ] - [ INFO ]  using logger: com.alibaba.dubbo.common.logger.log4j.Log4jLoggerAdapter
2020-09-22 10:52:00  [ main:1343 ] - [ INFO ]  Refreshing org.springframework.context.support.GenericApplicationContext@72b6cbcc: startup date [Tue Sep 22 10:52:00 CST 2020]; root of context hierarchy
2020-09-22 10:52:00  [ main:1565 ] - [ INFO ]  JSR-330 'javax.inject.Inject' annotation found and supported for autowiring
2020-09-22 10:52:01  [ main:2022 ] - [ WARN ]  Exception encountered during context initialization - cancelling refresh attempt: org.springframework.beans.factory.BeanCreationException: Error creating bean with name 'registerServiceImpl': Injection of autowired dependencies failed; nested exception is org.springframework.beans.factory.BeanCreationException: Could not autowire field: private com.intimate.dao.UserMapper com.intimate.register.service.impl.RegisterServiceImpl.userMapper; nested exception is org.springframework.beans.factory.NoSuchBeanDefinitionException: No qualifying bean of type [com.intimate.dao.UserMapper] found for dependency: expected at least 1 bean which qualifies as autowire candidate for this dependency. Dependency annotations: {@org.springframework.beans.factory.annotation.Autowired(required=true)}
2020-09-22 10:52:01  [ main:2024 ] - [ ERROR ]  Caught exception while allowing TestExecutionListener [org.springframework.test.context.support.DependencyInjectionTestExecutionListener@148080bb] to prepare test instance [com.intimate.register.service.impl.Tests@7857fe2]
java.lang.IllegalStateException: Failed to load ApplicationContext
	at org.springframework.test.context.cache.DefaultCacheAwareContextLoaderDelegate.loadContext(DefaultCacheAwareContextLoaderDelegate.java:124)
	at org.springframework.test.context.support.DefaultTestContext.getApplicationContext(DefaultTestContext.java:83)
	at org.springframework.test.context.support.DependencyInjectionTestExecutionListener.injectDependencies(DependencyInjectionTestExecutionListener.java:117)
	at org.springframework.test.context.support.DependencyInjectionTestExecutionListener.prepareTestInstance(DependencyInjectionTestExecutionListener.java:83)
	at org.springframework.test.context.TestContextManager.prepareTestInstance(TestContextManager.java:228)
	at org.springframework.test.context.junit4.SpringJUnit4ClassRunner.createTest(SpringJUnit4ClassRunner.java:230)
	at org.springframework.test.context.junit4.SpringJUnit4ClassRunner$1.runReflectiveCall(SpringJUnit4ClassRunner.java:289)
	at org.junit.internal.runners.model.ReflectiveCallable.run(ReflectiveCallable.java:15)
	at org.springframework.test.context.junit4.SpringJUnit4ClassRunner.methodBlock(SpringJUnit4ClassRunner.java:291)
	at org.springframework.test.context.junit4.SpringJUnit4ClassRunner.runChild(SpringJUnit4ClassRunner.java:249)
	at org.springframework.test.context.junit4.SpringJUnit4ClassRunner.runChild(SpringJUnit4ClassRunner.java:89)
	at org.junit.runners.ParentRunner$3.run(ParentRunner.java:231)
	at org.junit.runners.ParentRunner$1.schedule(ParentRunner.java:60)
	at org.junit.runners.ParentRunner.runChildren(ParentRunner.java:229)
	at org.junit.runners.ParentRunner.access$000(ParentRunner.java:50)
	at org.junit.runners.ParentRunner$2.evaluate(ParentRunner.java:222)
	at org.springframework.test.context.junit4.statements.RunBeforeTestClassCallbacks.evaluate(RunBeforeTestClassCallbacks.java:61)
	at org.springframework.test.context.junit4.statements.RunAfterTestClassCallbacks.evaluate(RunAfterTestClassCallbacks.java:70)
	at org.junit.runners.ParentRunner.run(ParentRunner.java:292)
	at org.springframework.test.context.junit4.SpringJUnit4ClassRunner.run(SpringJUnit4ClassRunner.java:193)
	at org.junit.runner.JUnitCore.run(JUnitCore.java:157)
	at com.intellij.junit4.JUnit4IdeaTestRunner.startRunnerWithArgs(JUnit4IdeaTestRunner.java:68)
	at com.intellij.rt.execution.junit.IdeaTestRunner$Repeater.startRunnerWithArgs(IdeaTestRunner.java:47)
	at com.intellij.rt.execution.junit.JUnitStarter.prepareStreamsAndStart(JUnitStarter.java:242)
	at com.intellij.rt.execution.junit.JUnitStarter.main(JUnitStarter.java:70)
Caused by: org.springframework.beans.factory.BeanCreationException: Error creating bean with name 'registerServiceImpl': Injection of autowired dependencies failed; nested exception is org.springframework.beans.factory.BeanCreationException: Could not autowire field: private com.intimate.dao.UserMapper com.intimate.register.service.impl.RegisterServiceImpl.userMapper; nested exception is org.springframework.beans.factory.NoSuchBeanDefinitionException: No qualifying bean of type [com.intimate.dao.UserMapper] found for dependency: expected at least 1 bean which qualifies as autowire candidate for this dependency. Dependency annotations: {@org.springframework.beans.factory.annotation.Autowired(required=true)}
	at org.springframework.beans.factory.annotation.AutowiredAnnotationBeanPostProcessor.postProcessPropertyValues(AutowiredAnnotationBeanPostProcessor.java:334)
	at org.springframework.beans.factory.support.AbstractAutowireCapableBeanFactory.populateBean(AbstractAutowireCapableBeanFactory.java:1214)
	at org.springframework.beans.factory.support.AbstractAutowireCapableBeanFactory.doCreateBean(AbstractAutowireCapableBeanFactory.java:543)
	at org.springframework.beans.factory.support.AbstractAutowireCapableBeanFactory.createBean(AbstractAutowireCapableBeanFactory.java:482)
	at org.springframework.beans.factory.support.AbstractBeanFactory$1.getObject(AbstractBeanFactory.java:306)
	at org.springframework.beans.factory.support.DefaultSingletonBeanRegistry.getSingleton(DefaultSingletonBeanRegistry.java:230)
	at org.springframework.beans.factory.support.AbstractBeanFactory.doGetBean(AbstractBeanFactory.java:302)
	at org.springframework.beans.factory.support.AbstractBeanFactory.getBean(AbstractBeanFactory.java:197)
	at org.springframework.beans.factory.support.DefaultListableBeanFactory.preInstantiateSingletons(DefaultListableBeanFactory.java:772)
	at org.springframework.context.support.AbstractApplicationContext.finishBeanFactoryInitialization(AbstractApplicationContext.java:839)
	at org.springframework.context.support.AbstractApplicationContext.refresh(AbstractApplicationContext.java:538)
	at org.springframework.test.context.support.AbstractGenericContextLoader.loadContext(AbstractGenericContextLoader.java:125)
	at org.springframework.test.context.support.AbstractGenericContextLoader.loadContext(AbstractGenericContextLoader.java:60)
	at org.springframework.test.context.support.AbstractDelegatingSmartContextLoader.delegateLoading(AbstractDelegatingSmartContextLoader.java:109)
	at org.springframework.test.context.support.AbstractDelegatingSmartContextLoader.loadContext(AbstractDelegatingSmartContextLoader.java:261)
	at org.springframework.test.context.cache.DefaultCacheAwareContextLoaderDelegate.loadContextInternal(DefaultCacheAwareContextLoaderDelegate.java:98)
	at org.springframework.test.context.cache.DefaultCacheAwareContextLoaderDelegate.loadContext(DefaultCacheAwareContextLoaderDelegate.java:116)
	... 24 more
Caused by: org.springframework.beans.factory.BeanCreationException: Could not autowire field: private com.intimate.dao.UserMapper com.intimate.register.service.impl.RegisterServiceImpl.userMapper; nested exception is org.springframework.beans.factory.NoSuchBeanDefinitionException: No qualifying bean of type [com.intimate.dao.UserMapper] found for dependency: expected at least 1 bean which qualifies as autowire candidate for this dependency. Dependency annotations: {@org.springframework.beans.factory.annotation.Autowired(required=true)}
	at org.springframework.beans.factory.annotation.AutowiredAnnotationBeanPostProcessor$AutowiredFieldElement.inject(AutowiredAnnotationBeanPostProcessor.java:573)
	at org.springframework.beans.factory.annotation.InjectionMetadata.inject(InjectionMetadata.java:88)
	at org.springframework.beans.factory.annotation.AutowiredAnnotationBeanPostProcessor.postProcessPropertyValues(AutowiredAnnotationBeanPostProcessor.java:331)
	... 40 more
Caused by: org.springframework.beans.factory.NoSuchBeanDefinitionException: No qualifying bean of type [com.intimate.dao.UserMapper] found for dependency: expected at least 1 bean which qualifies as autowire candidate for this dependency. Dependency annotations: {@org.springframework.beans.factory.annotation.Autowired(required=true)}
	at org.springframework.beans.factory.support.DefaultListableBeanFactory.raiseNoSuchBeanDefinitionException(DefaultListableBeanFactory.java:1373)
	at org.springframework.beans.factory.support.DefaultListableBeanFactory.doResolveDependency(DefaultListableBeanFactory.java:1119)
	at org.springframework.beans.factory.support.DefaultListableBeanFactory.resolveDependency(DefaultListableBeanFactory.java:1014)
	at org.springframework.beans.factory.annotation.AutowiredAnnotationBeanPostProcessor$AutowiredFieldElement.inject(AutowiredAnnotationBeanPostProcessor.java:545)
	... 42 more
2020-09-22 10:52:01  [ DubboShutdownHook:2038 ] - [ INFO ]   [DUBBO] Run shutdown hook now., dubbo version: 2.8.4, current host: 127.0.0.1
2020-09-22 10:52:01  [ DubboShutdownHook:2039 ] - [ INFO ]   [DUBBO] Close all registries [], dubbo version: 2.8.4, current host: 127.0.0.1
2020-09-22 10:53:02  [ main:0 ] - [ INFO ]  Loaded default TestExecutionListener class names from location [META-INF/spring.factories]: [org.springframework.test.context.web.ServletTestExecutionListener, org.springframework.test.context.support.DirtiesContextBeforeModesTestExecutionListener, org.springframework.test.context.support.DependencyInjectionTestExecutionListener, org.springframework.test.context.support.DirtiesContextTestExecutionListener, org.springframework.test.context.transaction.TransactionalTestExecutionListener, org.springframework.test.context.jdbc.SqlScriptsTestExecutionListener]
2020-09-22 10:53:02  [ main:28 ] - [ INFO ]  Using TestExecutionListeners: [org.springframework.test.context.web.ServletTestExecutionListener@64bf3bbf, org.springframework.test.context.support.DirtiesContextBeforeModesTestExecutionListener@55d56113, org.springframework.test.context.support.DependencyInjectionTestExecutionListener@148080bb, org.springframework.test.context.support.DirtiesContextTestExecutionListener@dc24521, org.springframework.test.context.transaction.TransactionalTestExecutionListener@10bdf5e5, org.springframework.test.context.jdbc.SqlScriptsTestExecutionListener@6e1ec318]
2020-09-22 10:53:02  [ main:246 ] - [ INFO ]  Loading XML bean definitions from file [E:\gitproject\intimate\intimate-register-service\target\classes\spring\spring-service.xml]
2020-09-22 10:53:02  [ main:382 ] - [ INFO ]  using logger: com.alibaba.dubbo.common.logger.log4j.Log4jLoggerAdapter
2020-09-22 10:53:02  [ main:438 ] - [ INFO ]  Refreshing org.springframework.context.support.GenericApplicationContext@72b6cbcc: startup date [Tue Sep 22 10:53:02 CST 2020]; root of context hierarchy
2020-09-22 10:53:03  [ main:608 ] - [ INFO ]  JSR-330 'javax.inject.Inject' annotation found and supported for autowiring
2020-09-22 10:53:03  [ main:1071 ] - [ WARN ]  Exception encountered during context initialization - cancelling refresh attempt: org.springframework.beans.factory.BeanCreationException: Error creating bean with name 'registerServiceImpl': Injection of autowired dependencies failed; nested exception is org.springframework.beans.factory.BeanCreationException: Could not autowire field: private com.intimate.dao.UserMapper com.intimate.register.service.impl.RegisterServiceImpl.userMapper; nested exception is org.springframework.beans.factory.NoSuchBeanDefinitionException: No qualifying bean of type [com.intimate.dao.UserMapper] found for dependency: expected at least 1 bean which qualifies as autowire candidate for this dependency. Dependency annotations: {@org.springframework.beans.factory.annotation.Autowired(required=true)}
2020-09-22 10:53:03  [ main:1075 ] - [ ERROR ]  Caught exception while allowing TestExecutionListener [org.springframework.test.context.support.DependencyInjectionTestExecutionListener@148080bb] to prepare test instance [com.intimate.register.service.impl.Tests@60bd273d]
java.lang.IllegalStateException: Failed to load ApplicationContext
	at org.springframework.test.context.cache.DefaultCacheAwareContextLoaderDelegate.loadContext(DefaultCacheAwareContextLoaderDelegate.java:124)
	at org.springframework.test.context.support.DefaultTestContext.getApplicationContext(DefaultTestContext.java:83)
	at org.springframework.test.context.support.DependencyInjectionTestExecutionListener.injectDependencies(DependencyInjectionTestExecutionListener.java:117)
	at org.springframework.test.context.support.DependencyInjectionTestExecutionListener.prepareTestInstance(DependencyInjectionTestExecutionListener.java:83)
	at org.springframework.test.context.TestContextManager.prepareTestInstance(TestContextManager.java:228)
	at org.springframework.test.context.junit4.SpringJUnit4ClassRunner.createTest(SpringJUnit4ClassRunner.java:230)
	at org.springframework.test.context.junit4.SpringJUnit4ClassRunner$1.runReflectiveCall(SpringJUnit4ClassRunner.java:289)
	at org.junit.internal.runners.model.ReflectiveCallable.run(ReflectiveCallable.java:15)
	at org.springframework.test.context.junit4.SpringJUnit4ClassRunner.methodBlock(SpringJUnit4ClassRunner.java:291)
	at org.springframework.test.context.junit4.SpringJUnit4ClassRunner.runChild(SpringJUnit4ClassRunner.java:249)
	at org.springframework.test.context.junit4.SpringJUnit4ClassRunner.runChild(SpringJUnit4ClassRunner.java:89)
	at org.junit.runners.ParentRunner$3.run(ParentRunner.java:231)
	at org.junit.runners.ParentRunner$1.schedule(ParentRunner.java:60)
	at org.junit.runners.ParentRunner.runChildren(ParentRunner.java:229)
	at org.junit.runners.ParentRunner.access$000(ParentRunner.java:50)
	at org.junit.runners.ParentRunner$2.evaluate(ParentRunner.java:222)
	at org.springframework.test.context.junit4.statements.RunBeforeTestClassCallbacks.evaluate(RunBeforeTestClassCallbacks.java:61)
	at org.springframework.test.context.junit4.statements.RunAfterTestClassCallbacks.evaluate(RunAfterTestClassCallbacks.java:70)
	at org.junit.runners.ParentRunner.run(ParentRunner.java:292)
	at org.springframework.test.context.junit4.SpringJUnit4ClassRunner.run(SpringJUnit4ClassRunner.java:193)
	at org.junit.runner.JUnitCore.run(JUnitCore.java:157)
	at com.intellij.junit4.JUnit4IdeaTestRunner.startRunnerWithArgs(JUnit4IdeaTestRunner.java:68)
	at com.intellij.rt.execution.junit.IdeaTestRunner$Repeater.startRunnerWithArgs(IdeaTestRunner.java:47)
	at com.intellij.rt.execution.junit.JUnitStarter.prepareStreamsAndStart(JUnitStarter.java:242)
	at com.intellij.rt.execution.junit.JUnitStarter.main(JUnitStarter.java:70)
Caused by: org.springframework.beans.factory.BeanCreationException: Error creating bean with name 'registerServiceImpl': Injection of autowired dependencies failed; nested exception is org.springframework.beans.factory.BeanCreationException: Could not autowire field: private com.intimate.dao.UserMapper com.intimate.register.service.impl.RegisterServiceImpl.userMapper; nested exception is org.springframework.beans.factory.NoSuchBeanDefinitionException: No qualifying bean of type [com.intimate.dao.UserMapper] found for dependency: expected at least 1 bean which qualifies as autowire candidate for this dependency. Dependency annotations: {@org.springframework.beans.factory.annotation.Autowired(required=true)}
	at org.springframework.beans.factory.annotation.AutowiredAnnotationBeanPostProcessor.postProcessPropertyValues(AutowiredAnnotationBeanPostProcessor.java:334)
	at org.springframework.beans.factory.support.AbstractAutowireCapableBeanFactory.populateBean(AbstractAutowireCapableBeanFactory.java:1214)
	at org.springframework.beans.factory.support.AbstractAutowireCapableBeanFactory.doCreateBean(AbstractAutowireCapableBeanFactory.java:543)
	at org.springframework.beans.factory.support.AbstractAutowireCapableBeanFactory.createBean(AbstractAutowireCapableBeanFactory.java:482)
	at org.springframework.beans.factory.support.AbstractBeanFactory$1.getObject(AbstractBeanFactory.java:306)
	at org.springframework.beans.factory.support.DefaultSingletonBeanRegistry.getSingleton(DefaultSingletonBeanRegistry.java:230)
	at org.springframework.beans.factory.support.AbstractBeanFactory.doGetBean(AbstractBeanFactory.java:302)
	at org.springframework.beans.factory.support.AbstractBeanFactory.getBean(AbstractBeanFactory.java:197)
	at org.springframework.beans.factory.support.DefaultListableBeanFactory.preInstantiateSingletons(DefaultListableBeanFactory.java:772)
	at org.springframework.context.support.AbstractApplicationContext.finishBeanFactoryInitialization(AbstractApplicationContext.java:839)
	at org.springframework.context.support.AbstractApplicationContext.refresh(AbstractApplicationContext.java:538)
	at org.springframework.test.context.support.AbstractGenericContextLoader.loadContext(AbstractGenericContextLoader.java:125)
	at org.springframework.test.context.support.AbstractGenericContextLoader.loadContext(AbstractGenericContextLoader.java:60)
	at org.springframework.test.context.support.AbstractDelegatingSmartContextLoader.delegateLoading(AbstractDelegatingSmartContextLoader.java:109)
	at org.springframework.test.context.support.AbstractDelegatingSmartContextLoader.loadContext(AbstractDelegatingSmartContextLoader.java:261)
	at org.springframework.test.context.cache.DefaultCacheAwareContextLoaderDelegate.loadContextInternal(DefaultCacheAwareContextLoaderDelegate.java:98)
	at org.springframework.test.context.cache.DefaultCacheAwareContextLoaderDelegate.loadContext(DefaultCacheAwareContextLoaderDelegate.java:116)
	... 24 more
Caused by: org.springframework.beans.factory.BeanCreationException: Could not autowire field: private com.intimate.dao.UserMapper com.intimate.register.service.impl.RegisterServiceImpl.userMapper; nested exception is org.springframework.beans.factory.NoSuchBeanDefinitionException: No qualifying bean of type [com.intimate.dao.UserMapper] found for dependency: expected at least 1 bean which qualifies as autowire candidate for this dependency. Dependency annotations: {@org.springframework.beans.factory.annotation.Autowired(required=true)}
	at org.springframework.beans.factory.annotation.AutowiredAnnotationBeanPostProcessor$AutowiredFieldElement.inject(AutowiredAnnotationBeanPostProcessor.java:573)
	at org.springframework.beans.factory.annotation.InjectionMetadata.inject(InjectionMetadata.java:88)
	at org.springframework.beans.factory.annotation.AutowiredAnnotationBeanPostProcessor.postProcessPropertyValues(AutowiredAnnotationBeanPostProcessor.java:331)
	... 40 more
Caused by: org.springframework.beans.factory.NoSuchBeanDefinitionException: No qualifying bean of type [com.intimate.dao.UserMapper] found for dependency: expected at least 1 bean which qualifies as autowire candidate for this dependency. Dependency annotations: {@org.springframework.beans.factory.annotation.Autowired(required=true)}
	at org.springframework.beans.factory.support.DefaultListableBeanFactory.raiseNoSuchBeanDefinitionException(DefaultListableBeanFactory.java:1373)
	at org.springframework.beans.factory.support.DefaultListableBeanFactory.doResolveDependency(DefaultListableBeanFactory.java:1119)
	at org.springframework.beans.factory.support.DefaultListableBeanFactory.resolveDependency(DefaultListableBeanFactory.java:1014)
	at org.springframework.beans.factory.annotation.AutowiredAnnotationBeanPostProcessor$AutowiredFieldElement.inject(AutowiredAnnotationBeanPostProcessor.java:545)
	... 42 more
2020-09-22 10:53:03  [ DubboShutdownHook:1091 ] - [ INFO ]   [DUBBO] Run shutdown hook now., dubbo version: 2.8.4, current host: 127.0.0.1
2020-09-22 10:53:03  [ DubboShutdownHook:1093 ] - [ INFO ]   [DUBBO] Close all registries [], dubbo version: 2.8.4, current host: 127.0.0.1
2020-09-22 10:53:48  [ main:0 ] - [ INFO ]  Loaded default TestExecutionListener class names from location [META-INF/spring.factories]: [org.springframework.test.context.web.ServletTestExecutionListener, org.springframework.test.context.support.DirtiesContextBeforeModesTestExecutionListener, org.springframework.test.context.support.DependencyInjectionTestExecutionListener, org.springframework.test.context.support.DirtiesContextTestExecutionListener, org.springframework.test.context.transaction.TransactionalTestExecutionListener, org.springframework.test.context.jdbc.SqlScriptsTestExecutionListener]
2020-09-22 10:53:48  [ main:34 ] - [ INFO ]  Using TestExecutionListeners: [org.springframework.test.context.web.ServletTestExecutionListener@1a451d4d, org.springframework.test.context.support.DirtiesContextBeforeModesTestExecutionListener@7fa98a66, org.springframework.test.context.support.DependencyInjectionTestExecutionListener@15ff3e9e, org.springframework.test.context.support.DirtiesContextTestExecutionListener@5fdcaa40, org.springframework.test.context.transaction.TransactionalTestExecutionListener@6dc17b83, org.springframework.test.context.jdbc.SqlScriptsTestExecutionListener@5e0826e7]
2020-09-22 10:53:49  [ main:403 ] - [ INFO ]  Loading XML bean definitions from file [E:\gitproject\intimate\intimate-register-service\target\classes\spring\spring-service.xml]
2020-09-22 10:53:49  [ main:904 ] - [ INFO ]  using logger: com.alibaba.dubbo.common.logger.log4j.Log4jLoggerAdapter
2020-09-22 10:53:49  [ main:1026 ] - [ INFO ]  Loading XML bean definitions from URL [file:/E:/gitproject/intimate/intimate-dao/target/classes/spring/spring-dao.xml]
2020-09-22 10:53:50  [ main:1349 ] - [ INFO ]  Refreshing org.springframework.context.support.GenericApplicationContext@459e9125: startup date [Tue Sep 22 10:53:50 CST 2020]; root of context hierarchy
2020-09-22 10:53:50  [ main:1617 ] - [ INFO ]  Loading properties file from class path resource [properties/jdbc.properties]
2020-09-22 10:53:50  [ main:1641 ] - [ INFO ]  JSR-330 'javax.inject.Inject' annotation found and supported for autowiring
2020-09-22 10:53:53  [ main:4647 ] - [ INFO ]   [DUBBO] Export dubbo service com.intimate.register.service.IRegisterService to local registry, dubbo version: 2.8.4, current host: 127.0.0.1
2020-09-22 10:53:53  [ main:4648 ] - [ INFO ]   [DUBBO] Export dubbo service com.intimate.register.service.IRegisterService to url dubbo://192.168.81.1:20881/com.intimate.register.service.IRegisterService?anyhost=true&application=intimate-register-service&dubbo=2.8.4&generic=false&interface=com.intimate.register.service.IRegisterService&methods=sendPhoneVerify,weChatAuthorization,QQAuthorization,phoneRegister,phoneIsExist&pid=6600&side=provider&timestamp=1600743233248, dubbo version: 2.8.4, current host: 127.0.0.1
2020-09-22 10:53:53  [ main:4648 ] - [ INFO ]   [DUBBO] Register dubbo service com.intimate.register.service.IRegisterService url dubbo://192.168.81.1:20881/com.intimate.register.service.IRegisterService?anyhost=true&application=intimate-register-service&dubbo=2.8.4&generic=false&interface=com.intimate.register.service.IRegisterService&methods=sendPhoneVerify,weChatAuthorization,QQAuthorization,phoneRegister,phoneIsExist&pid=6600&side=provider&timestamp=1600743233248 to registry registry://180.76.106.21:2181/com.alibaba.dubbo.registry.RegistryService?application=intimate-register-service&dubbo=2.8.4&pid=6600&registry=zookeeper&timestamp=1600743233220, dubbo version: 2.8.4, current host: 127.0.0.1
2020-09-22 10:53:53  [ main:5114 ] - [ INFO ]   [DUBBO] Start NettyServer bind /0.0.0.0:20881, export /192.168.81.1:20881, dubbo version: 2.8.4, current host: 127.0.0.1
2020-09-22 10:53:53  [ main:5160 ] - [ INFO ]   [DUBBO] Load registry store file C:\Users\Administrator\.dubbo\dubbo-registry-180.76.106.21.cache, data: {com.intimate.login.service.ILoginService=empty://192.168.81.1/com.intimate.login.service.ILoginService?application=intimate-login-web&category=configurators&dubbo=2.8.4&interface=com.intimate.login.service.ILoginService&methods=sendPhoneVerify,login,tokenVerify,phoneIsExist&pid=8532&retries=0&revision=0.0.1-SNAPSHOT&side=consumer&timeout=1000&timestamp=1600076211194 empty://192.168.81.1/com.intimate.login.service.ILoginService?application=intimate-login-web&category=routers&dubbo=2.8.4&interface=com.intimate.login.service.ILoginService&methods=sendPhoneVerify,login,tokenVerify,phoneIsExist&pid=8532&retries=0&revision=0.0.1-SNAPSHOT&side=consumer&timeout=1000&timestamp=1600076211194 dubbo://192.168.81.1:20882/com.intimate.login.service.ILoginService?anyhost=true&application=intimate-login-service&dubbo=2.8.4&generic=false&interface=com.intimate.login.service.ILoginService&methods=sendPhoneVerify,login,phoneIsExist,tokenVerify&pid=8828&revision=0.0.1-SNAPSHOT&side=provider&timestamp=1600074873623, com.sagittal.book.service.BookService=empty://192.168.81.1/com.sagittal.book.service.BookService?application=ssm-book-web&category=configurators&dubbo=2.8.4&interface=com.sagittal.book.service.BookService&methods=findAll&pid=2564&revision=0.0.1-SNAPSHOT&side=consumer&timestamp=1599630440114 empty://192.168.81.1/com.sagittal.book.service.BookService?application=ssm-book-web&category=routers&dubbo=2.8.4&interface=com.sagittal.book.service.BookService&methods=findAll&pid=2564&revision=0.0.1-SNAPSHOT&side=consumer&timestamp=1599630440114 empty://192.168.81.1/com.sagittal.book.service.BookService?application=ssm-book-web&category=providers&dubbo=2.8.4&interface=com.sagittal.book.service.BookService&methods=findAll&pid=2564&revision=0.0.1-SNAPSHOT&side=consumer&timestamp=1599630440114, com.intimate.register.service.IRegisterService=empty://192.168.81.1:20881/com.intimate.register.service.IRegisterService?anyhost=true&application=intimate-register-service&category=configurators&check=false&dubbo=2.8.4&generic=false&interface=com.intimate.register.service.IRegisterService&methods=weChatAuthorization,sendPhoneVerify,QQAuthorization,phoneRegister,phoneIsExist&pid=11980&revision=0.0.1-SNAPSHOT&side=provider&timestamp=1600074956611}, dubbo version: 2.8.4, current host: 127.0.0.1
2020-09-22 10:53:53  [ ZkClient-EventThread-23-180.76.106.21:2181:5205 ] - [ INFO ]  Starting ZkClient event thread.
2020-09-22 10:53:53  [ main:5227 ] - [ INFO ]  Client environment:zookeeper.version=3.4.7-1713338, built on 11/09/2015 04:32 GMT
2020-09-22 10:53:53  [ main:5228 ] - [ INFO ]  Client environment:host.name=windows10.microdone.cn
2020-09-22 10:53:53  [ main:5228 ] - [ INFO ]  Client environment:java.version=1.8.0_251
2020-09-22 10:53:53  [ main:5232 ] - [ INFO ]  Client environment:java.vendor=Oracle Corporation
2020-09-22 10:53:53  [ main:5232 ] - [ INFO ]  Client environment:java.home=C:\Program Files\Java\jdk1.8.0_251\jre
2020-09-22 10:53:53  [ main:5232 ] - [ INFO ]  Client environment:java.class.path=D:\Program Files\JetBrains\IntelliJ IDEA 2019.2.4\lib\idea_rt.jar;D:\Program Files\JetBrains\IntelliJ IDEA 2019.2.4\plugins\junit\lib\junit-rt.jar;D:\Program Files\JetBrains\IntelliJ IDEA 2019.2.4\plugins\junit\lib\junit5-rt.jar;C:\Program Files\Java\jdk1.8.0_251\jre\lib\charsets.jar;C:\Program Files\Java\jdk1.8.0_251\jre\lib\deploy.jar;C:\Program Files\Java\jdk1.8.0_251\jre\lib\ext\access-bridge-64.jar;C:\Program Files\Java\jdk1.8.0_251\jre\lib\ext\cldrdata.jar;C:\Program Files\Java\jdk1.8.0_251\jre\lib\ext\dnsns.jar;C:\Program Files\Java\jdk1.8.0_251\jre\lib\ext\jaccess.jar;C:\Program Files\Java\jdk1.8.0_251\jre\lib\ext\jfxrt.jar;C:\Program Files\Java\jdk1.8.0_251\jre\lib\ext\localedata.jar;C:\Program Files\Java\jdk1.8.0_251\jre\lib\ext\nashorn.jar;C:\Program Files\Java\jdk1.8.0_251\jre\lib\ext\sunec.jar;C:\Program Files\Java\jdk1.8.0_251\jre\lib\ext\sunjce_provider.jar;C:\Program Files\Java\jdk1.8.0_251\jre\lib\ext\sunmscapi.jar;C:\Program Files\Java\jdk1.8.0_251\jre\lib\ext\sunpkcs11.jar;C:\Program Files\Java\jdk1.8.0_251\jre\lib\ext\zipfs.jar;C:\Program Files\Java\jdk1.8.0_251\jre\lib\javaws.jar;C:\Program Files\Java\jdk1.8.0_251\jre\lib\jce.jar;C:\Program Files\Java\jdk1.8.0_251\jre\lib\jfr.jar;C:\Program Files\Java\jdk1.8.0_251\jre\lib\jfxswt.jar;C:\Program Files\Java\jdk1.8.0_251\jre\lib\jsse.jar;C:\Program Files\Java\jdk1.8.0_251\jre\lib\management-agent.jar;C:\Program Files\Java\jdk1.8.0_251\jre\lib\plugin.jar;C:\Program Files\Java\jdk1.8.0_251\jre\lib\resources.jar;C:\Program Files\Java\jdk1.8.0_251\jre\lib\rt.jar;E:\gitproject\intimate\intimate-register-service\target\classes;E:\apache-maven-3.6.3\respository\aopalliance\aopalliance\1.0\aopalliance-1.0.jar;E:\gitproject\intimate\intimate-dao\target\classes;E:\gitproject\intimate\intimate-pojo\target\classes;E:\apache-maven-3.6.3\respository\org\mybatis\mybatis\3.2.8\mybatis-3.2.8.jar;E:\apache-maven-3.6.3\respository\org\mybatis\mybatis-spring\1.2.2\mybatis-spring-1.2.2.jar;E:\apache-maven-3.6.3\respository\mysql\mysql-connector-java\5.1.32\mysql-connector-java-5.1.32.jar;E:\apache-maven-3.6.3\respository\com\alibaba\druid\1.0.9\druid-1.0.9.jar;C:\Program Files\Java\jdk1.8.0_251\lib\jconsole.jar;C:\Program Files\Java\jdk1.8.0_251\lib\tools.jar;E:\gitproject\intimate\intimate-register-interface\target\classes;E:\gitproject\intimate\intimate-common\target\classes;E:\apache-maven-3.6.3\respository\com\baidubce\bce-java-sdk\0.10.119\bce-java-sdk-0.10.119.jar;E:\apache-maven-3.6.3\respository\org\apache\commons\commons-lang3\3.5\commons-lang3-3.5.jar;E:\apache-maven-3.6.3\respository\org\slf4j\slf4j-api\1.7.7\slf4j-api-1.7.7.jar;E:\apache-maven-3.6.3\respository\org\slf4j\jcl-over-slf4j\1.7.7\jcl-over-slf4j-1.7.7.jar;E:\apache-maven-3.6.3\respository\commons-io\commons-io\2.4\commons-io-2.4.jar;E:\apache-maven-3.6.3\respository\com\google\guava\guava\17.0\guava-17.0.jar;E:\apache-maven-3.6.3\respository\org\apache\httpcomponents\httpasyncclient\4.0.2\httpasyncclient-4.0.2.jar;E:\apache-maven-3.6.3\respository\org\apache\httpcomponents\httpcore\4.4.4\httpcore-4.4.4.jar;E:\apache-maven-3.6.3\respository\org\apache\httpcomponents\httpcore-nio\4.3.2\httpcore-nio-4.3.2.jar;E:\apache-maven-3.6.3\respository\org\apache\httpcomponents\httpclient\4.5.3\httpclient-4.5.3.jar;E:\apache-maven-3.6.3\respository\com\fasterxml\jackson\core\jackson-databind\2.3.3\jackson-databind-2.3.3.jar;E:\apache-maven-3.6.3\respository\com\fasterxml\jackson\core\jackson-annotations\2.3.3\jackson-annotations-2.3.3.jar;E:\apache-maven-3.6.3\respository\joda-time\joda-time\2.3\joda-time-2.3.jar;E:\apache-maven-3.6.3\respository\org\eclipse\paho\org.eclipse.paho.client.mqttv3\1.2.1\org.eclipse.paho.client.mqttv3-1.2.1.jar;E:\apache-maven-3.6.3\respository\org\glassfish\jersey\media\jersey-media-multipart\2.9.1\jersey-media-multipart-2.9.1.jar;E:\apache-maven-3.6.3\respository\org\glassfish\hk2\external\javax.inject\2.3.0-b05\javax.inject-2.3.0-b05.jar;E:\apache-maven-3.6.3\respository\org\jvnet\mimepull\mimepull\1.9.3\mimepull-1.9.3.jar;E:\apache-maven-3.6.3\respository\org\glassfish\jersey\connectors\jersey-apache-connector\2.9.1\jersey-apache-connector-2.9.1.jar;E:\apache-maven-3.6.3\respository\org\glassfish\jersey\core\jersey-client\2.9.1\jersey-client-2.9.1.jar;E:\apache-maven-3.6.3\respository\javax\ws\rs\javax.ws.rs-api\2.0\javax.ws.rs-api-2.0.jar;E:\apache-maven-3.6.3\respository\org\glassfish\jersey\core\jersey-server\2.9.1\jersey-server-2.9.1.jar;E:\apache-maven-3.6.3\respository\javax\annotation\javax.annotation-api\1.2\javax.annotation-api-1.2.jar;E:\apache-maven-3.6.3\respository\org\glassfish\hk2\hk2-api\2.3.0-b05\hk2-api-2.3.0-b05.jar;E:\apache-maven-3.6.3\respository\org\glassfish\hk2\hk2-utils\2.3.0-b05\hk2-utils-2.3.0-b05.jar;E:\apache-maven-3.6.3\respository\org\glassfish\hk2\external\aopalliance-repackaged\2.3.0-b05\aopalliance-repackaged-2.3.0-b05.jar;E:\apache-maven-3.6.3\respository\org\glassfish\hk2\hk2-locator\2.3.0-b05\hk2-locator-2.3.0-b05.jar;E:\apache-maven-3.6.3\respository\org\javassist\javassist\3.18.1-GA\javassist-3.18.1-GA.jar;E:\apache-maven-3.6.3\respository\org\glassfish\jersey\core\jersey-common\2.9.1\jersey-common-2.9.1.jar;E:\apache-maven-3.6.3\respository\org\glassfish\jersey\bundles\repackaged\jersey-guava\2.9.1\jersey-guava-2.9.1.jar;E:\apache-maven-3.6.3\respository\org\glassfish\hk2\osgi-resource-locator\1.0.1\osgi-resource-locator-1.0.1.jar;E:\apache-maven-3.6.3\respository\org\glassfish\jersey\media\jersey-media-json-jackson\2.9.1\jersey-media-json-jackson-2.9.1.jar;E:\apache-maven-3.6.3\respository\com\fasterxml\jackson\jaxrs\jackson-jaxrs-base\2.3.2\jackson-jaxrs-base-2.3.2.jar;E:\apache-maven-3.6.3\respository\com\fasterxml\jackson\jaxrs\jackson-jaxrs-json-provider\2.3.2\jackson-jaxrs-json-provider-2.3.2.jar;E:\apache-maven-3.6.3\respository\com\fasterxml\jackson\module\jackson-module-jaxb-annotations\2.3.2\jackson-module-jaxb-annotations-2.3.2.jar;E:\apache-maven-3.6.3\respository\org\apache\hbase\hbase-client\1.2.0\hbase-client-1.2.0.jar;E:\apache-maven-3.6.3\respository\org\apache\hbase\hbase-annotations\1.2.0\hbase-annotations-1.2.0.jar;E:\apache-maven-3.6.3\respository\org\apache\hbase\hbase-common\1.2.0\hbase-common-1.2.0.jar;E:\apache-maven-3.6.3\respository\commons-collections\commons-collections\3.2.2\commons-collections-3.2.2.jar;E:\apache-maven-3.6.3\respository\org\mortbay\jetty\jetty-util\6.1.26\jetty-util-6.1.26.jar;E:\apache-maven-3.6.3\respository\org\apache\hbase\hbase-protocol\1.2.0\hbase-protocol-1.2.0.jar;E:\apache-maven-3.6.3\respository\commons-lang\commons-lang\2.6\commons-lang-2.6.jar;E:\apache-maven-3.6.3\respository\com\google\protobuf\protobuf-java\2.5.0\protobuf-java-2.5.0.jar;E:\apache-maven-3.6.3\respository\io\netty\netty-all\4.0.23.Final\netty-all-4.0.23.Final.jar;E:\apache-maven-3.6.3\respository\org\apache\htrace\htrace-core\3.1.0-incubating\htrace-core-3.1.0-incubating.jar;E:\apache-maven-3.6.3\respository\org\codehaus\jackson\jackson-mapper-asl\1.9.13\jackson-mapper-asl-1.9.13.jar;E:\apache-maven-3.6.3\respository\org\codehaus\jackson\jackson-core-asl\1.9.13\jackson-core-asl-1.9.13.jar;E:\apache-maven-3.6.3\respository\org\jruby\jcodings\jcodings\1.0.8\jcodings-1.0.8.jar;E:\apache-maven-3.6.3\respository\org\jruby\joni\joni\2.1.2\joni-2.1.2.jar;E:\apache-maven-3.6.3\respository\com\yammer\metrics\metrics-core\2.2.0\metrics-core-2.2.0.jar;E:\apache-maven-3.6.3\respository\org\apache\hadoop\hadoop-auth\2.5.1\hadoop-auth-2.5.1.jar;E:\apache-maven-3.6.3\respository\org\apache\directory\server\apacheds-kerberos-codec\2.0.0-M15\apacheds-kerberos-codec-2.0.0-M15.jar;E:\apache-maven-3.6.3\respository\org\apache\directory\server\apacheds-i18n\2.0.0-M15\apacheds-i18n-2.0.0-M15.jar;E:\apache-maven-3.6.3\respository\org\apache\directory\api\api-asn1-api\1.0.0-M20\api-asn1-api-1.0.0-M20.jar;E:\apache-maven-3.6.3\respository\org\apache\directory\api\api-util\1.0.0-M20\api-util-1.0.0-M20.jar;E:\apache-maven-3.6.3\respository\org\apache\hadoop\hadoop-common\2.5.1\hadoop-common-2.5.1.jar;E:\apache-maven-3.6.3\respository\org\apache\hadoop\hadoop-annotations\2.5.1\hadoop-annotations-2.5.1.jar;E:\apache-maven-3.6.3\respository\commons-cli\commons-cli\1.2\commons-cli-1.2.jar;E:\apache-maven-3.6.3\respository\org\apache\commons\commons-math3\3.1.1\commons-math3-3.1.1.jar;E:\apache-maven-3.6.3\respository\xmlenc\xmlenc\0.52\xmlenc-0.52.jar;E:\apache-maven-3.6.3\respository\commons-httpclient\commons-httpclient\3.1\commons-httpclient-3.1.jar;E:\apache-maven-3.6.3\respository\commons-net\commons-net\3.1\commons-net-3.1.jar;E:\apache-maven-3.6.3\respository\commons-el\commons-el\1.0\commons-el-1.0.jar;E:\apache-maven-3.6.3\respository\commons-configuration\commons-configuration\1.6\commons-configuration-1.6.jar;E:\apache-maven-3.6.3\respository\commons-digester\commons-digester\1.8\commons-digester-1.8.jar;E:\apache-maven-3.6.3\respository\commons-beanutils\commons-beanutils\1.7.0\commons-beanutils-1.7.0.jar;E:\apache-maven-3.6.3\respository\commons-beanutils\commons-beanutils-core\1.8.0\commons-beanutils-core-1.8.0.jar;E:\apache-maven-3.6.3\respository\org\apache\avro\avro\1.7.4\avro-1.7.4.jar;E:\apache-maven-3.6.3\respository\com\thoughtworks\paranamer\paranamer\2.3\paranamer-2.3.jar;E:\apache-maven-3.6.3\respository\org\xerial\snappy\snappy-java\1.0.4.1\snappy-java-1.0.4.1.jar;E:\apache-maven-3.6.3\respository\com\jcraft\jsch\0.1.42\jsch-0.1.42.jar;E:\apache-maven-3.6.3\respository\com\google\code\findbugs\jsr305\1.3.9\jsr305-1.3.9.jar;E:\apache-maven-3.6.3\respository\org\apache\commons\commons-compress\1.4.1\commons-compress-1.4.1.jar;E:\apache-maven-3.6.3\respository\org\tukaani\xz\1.0\xz-1.0.jar;E:\apache-maven-3.6.3\respository\org\apache\hadoop\hadoop-mapreduce-client-core\2.5.1\hadoop-mapreduce-client-core-2.5.1.jar;E:\apache-maven-3.6.3\respository\org\apache\hadoop\hadoop-yarn-common\2.5.1\hadoop-yarn-common-2.5.1.jar;E:\apache-maven-3.6.3\respository\org\apache\hadoop\hadoop-yarn-api\2.5.1\hadoop-yarn-api-2.5.1.jar;E:\apache-maven-3.6.3\respository\javax\xml\bind\jaxb-api\2.2.2\jaxb-api-2.2.2.jar;E:\apache-maven-3.6.3\respository\javax\xml\stream\stax-api\1.0-2\stax-api-1.0-2.jar;E:\apache-maven-3.6.3\respository\javax\activation\activation\1.1\activation-1.1.jar;E:\apache-maven-3.6.3\respository\com\github\stephenc\findbugs\findbugs-annotations\1.3.9-1\findbugs-annotations-1.3.9-1.jar;E:\apache-maven-3.6.3\respository\org\bouncycastle\bcprov-jdk15on\1.59\bcprov-jdk15on-1.59.jar;E:\apache-maven-3.6.3\respository\com\auth0\java-jwt\3.2.0\java-jwt-3.2.0.jar;E:\apache-maven-3.6.3\respository\io\jsonwebtoken\jjwt\0.7.0\jjwt-0.7.0.jar;E:\apache-maven-3.6.3\respository\com\fasterxml\jackson\core\jackson-core\2.9.8\jackson-core-2.9.8.jar;E:\apache-maven-3.6.3\respository\org\springframework\spring-context\4.2.4.RELEASE\spring-context-4.2.4.RELEASE.jar;E:\apache-maven-3.6.3\respository\org\springframework\spring-expression\4.2.4.RELEASE\spring-expression-4.2.4.RELEASE.jar;E:\apache-maven-3.6.3\respository\org\springframework\spring-aspects\4.2.4.RELEASE\spring-aspects-4.2.4.RELEASE.jar;E:\apache-maven-3.6.3\respository\org\springframework\spring-jms\4.2.4.RELEASE\spring-jms-4.2.4.RELEASE.jar;E:\apache-maven-3.6.3\respository\org\springframework\spring-messaging\4.2.4.RELEASE\spring-messaging-4.2.4.RELEASE.jar;E:\apache-maven-3.6.3\respository\org\springframework\spring-tx\4.2.4.RELEASE\spring-tx-4.2.4.RELEASE.jar;E:\apache-maven-3.6.3\respository\org\springframework\spring-webmvc\4.2.4.RELEASE\spring-webmvc-4.2.4.RELEASE.jar;E:\apache-maven-3.6.3\respository\org\springframework\spring-core\4.2.4.RELEASE\spring-core-4.2.4.RELEASE.jar;E:\apache-maven-3.6.3\respository\commons-logging\commons-logging\1.2\commons-logging-1.2.jar;E:\apache-maven-3.6.3\respository\org\springframework\spring-jdbc\4.2.4.RELEASE\spring-jdbc-4.2.4.RELEASE.jar;E:\apache-maven-3.6.3\respository\org\springframework\spring-beans\4.2.4.RELEASE\spring-beans-4.2.4.RELEASE.jar;E:\apache-maven-3.6.3\respository\org\springframework\spring-context-support\4.2.4.RELEASE\spring-context-support-4.2.4.RELEASE.jar;E:\apache-maven-3.6.3\respository\junit\junit\4.9\junit-4.9.jar;E:\apache-maven-3.6.3\respository\org\hamcrest\hamcrest-core\1.1\hamcrest-core-1.1.jar;E:\apache-maven-3.6.3\respository\org\springframework\spring-web\4.2.4.RELEASE\spring-web-4.2.4.RELEASE.jar;E:\apache-maven-3.6.3\respository\com\alibaba\dubbo\2.8.4\dubbo-2.8.4.jar;E:\apache-maven-3.6.3\respository\org\apache\zookeeper\zookeeper\3.4.7\zookeeper-3.4.7.jar;E:\apache-maven-3.6.3\respository\org\slf4j\slf4j-log4j12\1.6.1\slf4j-log4j12-1.6.1.jar;E:\apache-maven-3.6.3\respository\log4j\log4j\1.2.16\log4j-1.2.16.jar;E:\apache-maven-3.6.3\respository\jline\jline\0.9.94\jline-0.9.94.jar;E:\apache-maven-3.6.3\respository\io\netty\netty\3.7.0.Final\netty-3.7.0.Final.jar;E:\apache-maven-3.6.3\respository\com\github\sgroschupf\zkclient\0.1\zkclient-0.1.jar;E:\apache-maven-3.6.3\respository\com\alibaba\fastjson\1.2.28\fastjson-1.2.28.jar;E:\apache-maven-3.6.3\respository\javassist\javassist\3.11.0.GA\javassist-3.11.0.GA.jar;E:\apache-maven-3.6.3\respository\commons-codec\commons-codec\1.10\commons-codec-1.10.jar;E:\apache-maven-3.6.3\respository\org\apache\logging\log4j\log4j-api\2.13.3\log4j-api-2.13.3.jar;E:\apache-maven-3.6.3\respository\org\apache\logging\log4j\log4j-core\2.13.3\log4j-core-2.13.3.jar;E:\apache-maven-3.6.3\respository\org\springframework\spring-aop\4.2.4.RELEASE\spring-aop-4.2.4.RELEASE.jar;E:\apache-maven-3.6.3\respository\org\aspectj\aspectjweaver\1.9.5\aspectjweaver-1.9.5.jar;E:\apache-maven-3.6.3\respository\redis\clients\jedis\3.3.0\jedis-3.3.0.jar;E:\apache-maven-3.6.3\respository\org\apache\commons\commons-pool2\2.6.2\commons-pool2-2.6.2.jar;E:\apache-maven-3.6.3\respository\org\springframework\data\spring-data-redis\2.3.3.RELEASE\spring-data-redis-2.3.3.RELEASE.jar;E:\apache-maven-3.6.3\respository\org\springframework\data\spring-data-keyvalue\2.3.3.RELEASE\spring-data-keyvalue-2.3.3.RELEASE.jar;E:\apache-maven-3.6.3\respository\org\springframework\data\spring-data-commons\2.3.3.RELEASE\spring-data-commons-2.3.3.RELEASE.jar;E:\apache-maven-3.6.3\respository\javax\validation\validation-api\2.0.1.Final\validation-api-2.0.1.Final.jar;E:\apache-maven-3.6.3\respository\org\hibernate\validator\hibernate-validator\6.0.13.Final\hibernate-validator-6.0.13.Final.jar;E:\apache-maven-3.6.3\respository\org\jboss\logging\jboss-logging\3.3.2.Final\jboss-logging-3.3.2.Final.jar;E:\apache-maven-3.6.3\respository\com\fasterxml\classmate\1.3.4\classmate-1.3.4.jar;E:\apache-maven-3.6.3\respository\org\junit\jupiter\junit-jupiter-api\5.7.0-M1\junit-jupiter-api-5.7.0-M1.jar;E:\apache-maven-3.6.3\respository\org\apiguardian\apiguardian-api\1.1.0\apiguardian-api-1.1.0.jar;E:\apache-maven-3.6.3\respository\org\opentest4j\opentest4j\1.2.0\opentest4j-1.2.0.jar;E:\apache-maven-3.6.3\respository\org\junit\platform\junit-platform-commons\1.7.0-M1\junit-platform-commons-1.7.0-M1.jar;E:\apache-maven-3.6.3\respository\javax\servlet\servlet-api\2.5\servlet-api-2.5.jar;E:\apache-maven-3.6.3\respository\org\springframework\spring-test\4.2.4.RELEASE\spring-test-4.2.4.RELEASE.jar;C:\Users\Administrator\.IntelliJIdea2019.2\system\captureAgent\debugger-agent.jar
2020-09-22 10:53:53  [ main:5234 ] - [ INFO ]  Client environment:java.library.path=C:\Program Files\Java\jdk1.8.0_251\bin;C:\Windows\Sun\Java\bin;C:\Windows\system32;C:\Windows;C:\Program Files (x86)\Common Files\Intel\Shared Libraries\redist\intel64\compiler;C:\Program Files (x86)\Common Files\Oracle\Java\javapath;C:\Windows\system32;C:\Windows;C:\Windows\System32\Wbem;C:\Windows\System32\WindowsPowerShell\v1.0\;C:\Windows\System32\OpenSSH\;"C:\Program Files\Java\jdk1.8.0_251\bin;C:\Program Files\Java\jdk1.8.0_251\jre\bin";G:\Program Files\apache-tomcat-8.5.54;G:\Program Files\apache-maven-3.6.3\bin;D:\mysql-5.7.28-winx64\bin;E:\apache-tomcat-8.5.57\lib;G:\Program Files\apache-maven-3.6.3\bin;E:\apache-tomcat-8.5.57\bin;D:\Program Files\Git\cmd;C:\Users\Administrator\AppData\Local\Microsoft\WindowsApps;;.
2020-09-22 10:53:53  [ main:5234 ] - [ INFO ]  Client environment:java.io.tmpdir=C:\Users\ADMINI~1\AppData\Local\Temp\
2020-09-22 10:53:53  [ main:5235 ] - [ INFO ]  Client environment:java.compiler=<NA>
2020-09-22 10:53:53  [ main:5235 ] - [ INFO ]  Client environment:os.name=Windows 10
2020-09-22 10:53:53  [ main:5235 ] - [ INFO ]  Client environment:os.arch=amd64
2020-09-22 10:53:53  [ main:5236 ] - [ INFO ]  Client environment:os.version=10.0
2020-09-22 10:53:53  [ main:5236 ] - [ INFO ]  Client environment:user.name=Administrator
2020-09-22 10:53:53  [ main:5236 ] - [ INFO ]  Client environment:user.home=C:\Users\Administrator
2020-09-22 10:53:53  [ main:5236 ] - [ INFO ]  Client environment:user.dir=E:\gitproject\intimate\intimate-register-service
2020-09-22 10:53:53  [ main:5239 ] - [ INFO ]  Initiating client connection, connectString=180.76.106.21:2181 sessionTimeout=60000 watcher=org.I0Itec.zkclient.ZkClient@2a3194c6
2020-09-22 10:53:53  [ main-SendThread(180.76.106.21:2181):5266 ] - [ INFO ]  Opening socket connection to server 180.76.106.21/180.76.106.21:2181. Will not attempt to authenticate using SASL (unknown error)
2020-09-22 10:53:56  [ main-SendThread(180.76.106.21:2181):7545 ] - [ WARN ]  Session 0x0 for server null, unexpected error, closing socket connection and attempting reconnect
java.net.ConnectException: Connection refused: no further information
	at sun.nio.ch.SocketChannelImpl.checkConnect(Native Method)
	at sun.nio.ch.SocketChannelImpl.finishConnect(SocketChannelImpl.java:717)
	at org.apache.zookeeper.ClientCnxnSocketNIO.doTransport(ClientCnxnSocketNIO.java:361)
	at org.apache.zookeeper.ClientCnxn$SendThread.run(ClientCnxn.java:1141)
2020-09-22 10:53:57  [ main-SendThread(180.76.106.21:2181):8663 ] - [ INFO ]  Opening socket connection to server 180.76.106.21/180.76.106.21:2181. Will not attempt to authenticate using SASL (unknown error)
2020-09-22 10:53:58  [ ZkClient-EventThread-23-180.76.106.21:2181:10262 ] - [ INFO ]  Terminate ZkClient event thread.
2020-09-22 10:53:59  [ main:11055 ] - [ INFO ]  Session: 0x0 closed
2020-09-22 10:53:59  [ main:11058 ] - [ WARN ]  Exception encountered during context initialization - cancelling refresh attempt: org.springframework.beans.factory.BeanCreationException: Error creating bean with name 'registerServiceImpl' defined in file [E:\gitproject\intimate\intimate-register-service\target\classes\com\intimate\register\service\impl\RegisterServiceImpl.class]: Initialization of bean failed; nested exception is org.I0Itec.zkclient.exception.ZkTimeoutException: Unable to connect to zookeeper server within timeout: 5000
2020-09-22 10:53:59  [ main-EventThread:11059 ] - [ INFO ]  EventThread shut down for session: 0x0
2020-09-22 10:53:59  [ main:11066 ] - [ ERROR ]  Caught exception while allowing TestExecutionListener [org.springframework.test.context.support.DependencyInjectionTestExecutionListener@15ff3e9e] to prepare test instance [com.intimate.register.service.impl.Tests@66273da0]
java.lang.IllegalStateException: Failed to load ApplicationContext
	at org.springframework.test.context.cache.DefaultCacheAwareContextLoaderDelegate.loadContext(DefaultCacheAwareContextLoaderDelegate.java:124)
	at org.springframework.test.context.support.DefaultTestContext.getApplicationContext(DefaultTestContext.java:83)
	at org.springframework.test.context.support.DependencyInjectionTestExecutionListener.injectDependencies(DependencyInjectionTestExecutionListener.java:117)
	at org.springframework.test.context.support.DependencyInjectionTestExecutionListener.prepareTestInstance(DependencyInjectionTestExecutionListener.java:83)
	at org.springframework.test.context.TestContextManager.prepareTestInstance(TestContextManager.java:228)
	at org.springframework.test.context.junit4.SpringJUnit4ClassRunner.createTest(SpringJUnit4ClassRunner.java:230)
	at org.springframework.test.context.junit4.SpringJUnit4ClassRunner$1.runReflectiveCall(SpringJUnit4ClassRunner.java:289)
	at org.junit.internal.runners.model.ReflectiveCallable.run(ReflectiveCallable.java:15)
	at org.springframework.test.context.junit4.SpringJUnit4ClassRunner.methodBlock(SpringJUnit4ClassRunner.java:291)
	at org.springframework.test.context.junit4.SpringJUnit4ClassRunner.runChild(SpringJUnit4ClassRunner.java:249)
	at org.springframework.test.context.junit4.SpringJUnit4ClassRunner.runChild(SpringJUnit4ClassRunner.java:89)
	at org.junit.runners.ParentRunner$3.run(ParentRunner.java:231)
	at org.junit.runners.ParentRunner$1.schedule(ParentRunner.java:60)
	at org.junit.runners.ParentRunner.runChildren(ParentRunner.java:229)
	at org.junit.runners.ParentRunner.access$000(ParentRunner.java:50)
	at org.junit.runners.ParentRunner$2.evaluate(ParentRunner.java:222)
	at org.springframework.test.context.junit4.statements.RunBeforeTestClassCallbacks.evaluate(RunBeforeTestClassCallbacks.java:61)
	at org.springframework.test.context.junit4.statements.RunAfterTestClassCallbacks.evaluate(RunAfterTestClassCallbacks.java:70)
	at org.junit.runners.ParentRunner.run(ParentRunner.java:292)
	at org.springframework.test.context.junit4.SpringJUnit4ClassRunner.run(SpringJUnit4ClassRunner.java:193)
	at org.junit.runner.JUnitCore.run(JUnitCore.java:157)
	at com.intellij.junit4.JUnit4IdeaTestRunner.startRunnerWithArgs(JUnit4IdeaTestRunner.java:68)
	at com.intellij.rt.execution.junit.IdeaTestRunner$Repeater.startRunnerWithArgs(IdeaTestRunner.java:47)
	at com.intellij.rt.execution.junit.JUnitStarter.prepareStreamsAndStart(JUnitStarter.java:242)
	at com.intellij.rt.execution.junit.JUnitStarter.main(JUnitStarter.java:70)
Caused by: org.springframework.beans.factory.BeanCreationException: Error creating bean with name 'registerServiceImpl' defined in file [E:\gitproject\intimate\intimate-register-service\target\classes\com\intimate\register\service\impl\RegisterServiceImpl.class]: Initialization of bean failed; nested exception is org.I0Itec.zkclient.exception.ZkTimeoutException: Unable to connect to zookeeper server within timeout: 5000
	at org.springframework.beans.factory.support.AbstractAutowireCapableBeanFactory.doCreateBean(AbstractAutowireCapableBeanFactory.java:553)
	at org.springframework.beans.factory.support.AbstractAutowireCapableBeanFactory.createBean(AbstractAutowireCapableBeanFactory.java:482)
	at org.springframework.beans.factory.support.AbstractBeanFactory$1.getObject(AbstractBeanFactory.java:306)
	at org.springframework.beans.factory.support.DefaultSingletonBeanRegistry.getSingleton(DefaultSingletonBeanRegistry.java:230)
	at org.springframework.beans.factory.support.AbstractBeanFactory.doGetBean(AbstractBeanFactory.java:302)
	at org.springframework.beans.factory.support.AbstractBeanFactory.getBean(AbstractBeanFactory.java:197)
	at org.springframework.beans.factory.support.DefaultListableBeanFactory.preInstantiateSingletons(DefaultListableBeanFactory.java:772)
	at org.springframework.context.support.AbstractApplicationContext.finishBeanFactoryInitialization(AbstractApplicationContext.java:839)
	at org.springframework.context.support.AbstractApplicationContext.refresh(AbstractApplicationContext.java:538)
	at org.springframework.test.context.support.AbstractGenericContextLoader.loadContext(AbstractGenericContextLoader.java:125)
	at org.springframework.test.context.support.AbstractGenericContextLoader.loadContext(AbstractGenericContextLoader.java:60)
	at org.springframework.test.context.support.AbstractDelegatingSmartContextLoader.delegateLoading(AbstractDelegatingSmartContextLoader.java:109)
	at org.springframework.test.context.support.AbstractDelegatingSmartContextLoader.loadContext(AbstractDelegatingSmartContextLoader.java:261)
	at org.springframework.test.context.cache.DefaultCacheAwareContextLoaderDelegate.loadContextInternal(DefaultCacheAwareContextLoaderDelegate.java:98)
	at org.springframework.test.context.cache.DefaultCacheAwareContextLoaderDelegate.loadContext(DefaultCacheAwareContextLoaderDelegate.java:116)
	... 24 more
Caused by: org.I0Itec.zkclient.exception.ZkTimeoutException: Unable to connect to zookeeper server within timeout: 5000
	at org.I0Itec.zkclient.ZkClient.connect(ZkClient.java:876)
	at org.I0Itec.zkclient.ZkClient.<init>(ZkClient.java:98)
	at org.I0Itec.zkclient.ZkClient.<init>(ZkClient.java:92)
	at org.I0Itec.zkclient.ZkClient.<init>(ZkClient.java:80)
	at com.alibaba.dubbo.remoting.zookeeper.zkclient.ZkclientZookeeperClient.<init>(ZkclientZookeeperClient.java:26)
	at com.alibaba.dubbo.remoting.zookeeper.zkclient.ZkclientZookeeperTransporter.connect(ZkclientZookeeperTransporter.java:10)
	at com.alibaba.dubbo.remoting.zookeeper.ZookeeperTransporter$Adpative.connect(ZookeeperTransporter$Adpative.java)
	at com.alibaba.dubbo.registry.zookeeper.ZookeeperRegistry.<init>(ZookeeperRegistry.java:69)
	at com.alibaba.dubbo.registry.zookeeper.ZookeeperRegistryFactory.createRegistry(ZookeeperRegistryFactory.java:37)
	at com.alibaba.dubbo.registry.support.AbstractRegistryFactory.getRegistry(AbstractRegistryFactory.java:94)
	at com.alibaba.dubbo.registry.RegistryFactory$Adpative.getRegistry(RegistryFactory$Adpative.java)
	at com.alibaba.dubbo.registry.integration.RegistryProtocol.getRegistry(RegistryProtocol.java:190)
	at com.alibaba.dubbo.registry.integration.RegistryProtocol.export(RegistryProtocol.java:109)
	at com.alibaba.dubbo.rpc.protocol.ProtocolListenerWrapper.export(ProtocolListenerWrapper.java:54)
	at com.alibaba.dubbo.rpc.protocol.ProtocolFilterWrapper.export(ProtocolFilterWrapper.java:53)
	at com.alibaba.dubbo.rpc.Protocol$Adpative.export(Protocol$Adpative.java)
	at com.alibaba.dubbo.config.ServiceConfig.doExportUrlsFor1Protocol(ServiceConfig.java:489)
	at com.alibaba.dubbo.config.ServiceConfig.doExportUrls(ServiceConfig.java:285)
	at com.alibaba.dubbo.config.ServiceConfig.doExport(ServiceConfig.java:246)
	at com.alibaba.dubbo.config.ServiceConfig.export(ServiceConfig.java:145)
	at com.alibaba.dubbo.config.spring.AnnotationBean.postProcessAfterInitialization(AnnotationBean.java:202)
	at org.springframework.beans.factory.support.AbstractAutowireCapableBeanFactory.applyBeanPostProcessorsAfterInitialization(AbstractAutowireCapableBeanFactory.java:422)
	at org.springframework.beans.factory.support.AbstractAutowireCapableBeanFactory.initializeBean(AbstractAutowireCapableBeanFactory.java:1583)
	at org.springframework.beans.factory.support.AbstractAutowireCapableBeanFactory.doCreateBean(AbstractAutowireCapableBeanFactory.java:545)
	... 38 more
2020-09-22 10:53:59  [ DubboShutdownHook:11086 ] - [ INFO ]   [DUBBO] Run shutdown hook now., dubbo version: 2.8.4, current host: 127.0.0.1
2020-09-22 10:53:59  [ DubboShutdownHook:11087 ] - [ INFO ]   [DUBBO] Close all registries [], dubbo version: 2.8.4, current host: 127.0.0.1
2020-09-22 10:53:59  [ DubboShutdownHook:11087 ] - [ INFO ]   [DUBBO] Close dubbo server: /192.168.81.1:20881, dubbo version: 2.8.4, current host: 127.0.0.1
2020-09-22 10:53:59  [ DubboShutdownHook:11088 ] - [ INFO ]   [DUBBO] Close NettyServer bind /0.0.0.0:20881, export /192.168.81.1:20881, dubbo version: 2.8.4, current host: 127.0.0.1
2020-09-22 10:53:59  [ DubboShutdownHook:11096 ] - [ INFO ]   [DUBBO] Unexport service: dubbo://192.168.81.1:20881/com.intimate.register.service.IRegisterService?anyhost=true&application=intimate-register-service&dubbo=2.8.4&generic=false&interface=com.intimate.register.service.IRegisterService&methods=sendPhoneVerify,weChatAuthorization,QQAuthorization,phoneRegister,phoneIsExist&pid=6600&side=provider&timestamp=1600743233248, dubbo version: 2.8.4, current host: 127.0.0.1
2020-09-22 10:54:50  [ main:0 ] - [ INFO ]  Loaded default TestExecutionListener class names from location [META-INF/spring.factories]: [org.springframework.test.context.web.ServletTestExecutionListener, org.springframework.test.context.support.DirtiesContextBeforeModesTestExecutionListener, org.springframework.test.context.support.DependencyInjectionTestExecutionListener, org.springframework.test.context.support.DirtiesContextTestExecutionListener, org.springframework.test.context.transaction.TransactionalTestExecutionListener, org.springframework.test.context.jdbc.SqlScriptsTestExecutionListener]
2020-09-22 10:54:50  [ main:30 ] - [ INFO ]  Using TestExecutionListeners: [org.springframework.test.context.web.ServletTestExecutionListener@64bf3bbf, org.springframework.test.context.support.DirtiesContextBeforeModesTestExecutionListener@55d56113, org.springframework.test.context.support.DependencyInjectionTestExecutionListener@148080bb, org.springframework.test.context.support.DirtiesContextTestExecutionListener@dc24521, org.springframework.test.context.transaction.TransactionalTestExecutionListener@10bdf5e5, org.springframework.test.context.jdbc.SqlScriptsTestExecutionListener@6e1ec318]
2020-09-22 10:54:50  [ main:203 ] - [ INFO ]  Loading XML bean definitions from file [E:\gitproject\intimate\intimate-register-service\target\classes\spring\spring-service.xml]
2020-09-22 10:54:50  [ main:452 ] - [ INFO ]  Loading XML bean definitions from URL [file:/E:/gitproject/intimate/intimate-dao/target/classes/spring/spring-dao.xml]
2020-09-22 10:54:50  [ main:555 ] - [ INFO ]  Refreshing org.springframework.context.support.GenericApplicationContext@72b6cbcc: startup date [Tue Sep 22 10:54:50 CST 2020]; root of context hierarchy
2020-09-22 10:54:51  [ main:928 ] - [ INFO ]  Loading properties file from class path resource [properties/jdbc.properties]
2020-09-22 10:54:51  [ main:958 ] - [ INFO ]  JSR-330 'javax.inject.Inject' annotation found and supported for autowiring
2020-09-22 10:54:52  [ main:2348 ] - [ INFO ]  
2020-09-22 10:54:52  [ main:2349 ] - [ INFO ]  17364831501
2020-09-22 10:54:52  [ main:2349 ] - [ INFO ]  
2020-09-22 10:54:53  [ main:2972 ] - [ INFO ]  {dataSource-1} inited
2020-09-22 10:54:53  [ main:3047 ] - [ INFO ]  1
2020-09-22 10:54:53  [ main:3047 ] - [ INFO ]  
2020-09-22 10:54:53  [ main:3047 ] - [ INFO ]  
2020-09-22 10:54:53  [ main:3048 ] - [ INFO ]  SMSInfoModel{phone='17364831501', code='null', minute='null', type=null, password='null', isCheckPhoneNumber=false, isVerifyCode=false}
2020-09-22 10:54:53  [ main:3049 ] - [ INFO ]  
2020-09-22 10:54:53  [ Thread-1:3055 ] - [ INFO ]  Closing org.springframework.context.support.GenericApplicationContext@72b6cbcc: startup date [Tue Sep 22 10:54:50 CST 2020]; root of context hierarchy
2020-09-22 10:54:53  [ Thread-1:3063 ] - [ INFO ]  {dataSource-1} closed
2020-09-22 10:55:09  [ main:0 ] - [ INFO ]  Loaded default TestExecutionListener class names from location [META-INF/spring.factories]: [org.springframework.test.context.web.ServletTestExecutionListener, org.springframework.test.context.support.DirtiesContextBeforeModesTestExecutionListener, org.springframework.test.context.support.DependencyInjectionTestExecutionListener, org.springframework.test.context.support.DirtiesContextTestExecutionListener, org.springframework.test.context.transaction.TransactionalTestExecutionListener, org.springframework.test.context.jdbc.SqlScriptsTestExecutionListener]
2020-09-22 10:55:09  [ main:28 ] - [ INFO ]  Using TestExecutionListeners: [org.springframework.test.context.web.ServletTestExecutionListener@64bf3bbf, org.springframework.test.context.support.DirtiesContextBeforeModesTestExecutionListener@55d56113, org.springframework.test.context.support.DependencyInjectionTestExecutionListener@148080bb, org.springframework.test.context.support.DirtiesContextTestExecutionListener@dc24521, org.springframework.test.context.transaction.TransactionalTestExecutionListener@10bdf5e5, org.springframework.test.context.jdbc.SqlScriptsTestExecutionListener@6e1ec318]
2020-09-22 10:55:10  [ main:235 ] - [ INFO ]  Loading XML bean definitions from file [E:\gitproject\intimate\intimate-register-service\target\classes\spring\spring-service.xml]
2020-09-22 10:55:10  [ main:523 ] - [ INFO ]  Loading XML bean definitions from URL [file:/E:/gitproject/intimate/intimate-dao/target/classes/spring/spring-dao.xml]
2020-09-22 10:55:10  [ main:663 ] - [ INFO ]  Refreshing org.springframework.context.support.GenericApplicationContext@72b6cbcc: startup date [Tue Sep 22 10:55:10 CST 2020]; root of context hierarchy
2020-09-22 10:55:10  [ main:879 ] - [ INFO ]  Loading properties file from class path resource [properties/jdbc.properties]
2020-09-22 10:55:10  [ main:887 ] - [ INFO ]  JSR-330 'javax.inject.Inject' annotation found and supported for autowiring
2020-09-22 10:55:12  [ Thread-1:3206 ] - [ INFO ]  Closing org.springframework.context.support.GenericApplicationContext@72b6cbcc: startup date [Tue Sep 22 10:55:10 CST 2020]; root of context hierarchy
